mode: set
github.com/axamon/sauron2/cmd/root.go:27.13,29.2 1 1
github.com/axamon/sauron2/cmd/root.go:51.16,52.42 1 0
github.com/axamon/sauron2/cmd/root.go:52.42,55.3 2 0
github.com/axamon/sauron2/cmd/root.go:58.13,69.2 3 1
github.com/axamon/sauron2/cmd/root.go:72.19,73.19 1 0
github.com/axamon/sauron2/cmd/root.go:89.2,92.45 2 0
github.com/axamon/sauron2/cmd/root.go:73.19,76.3 1 0
github.com/axamon/sauron2/cmd/root.go:76.8,79.17 2 0
github.com/axamon/sauron2/cmd/root.go:85.3,86.34 2 0
github.com/axamon/sauron2/cmd/root.go:79.17,82.4 2 0
github.com/axamon/sauron2/cmd/root.go:92.45,94.3 1 0
github.com/axamon/sauron2/cmd/start.go:43.47,47.24 2 0
github.com/axamon/sauron2/cmd/start.go:51.3,53.58 2 0
github.com/axamon/sauron2/cmd/start.go:58.3,68.58 5 0
github.com/axamon/sauron2/cmd/start.go:77.3,83.26 4 0
github.com/axamon/sauron2/cmd/start.go:88.3,91.55 2 0
github.com/axamon/sauron2/cmd/start.go:97.3,112.17 5 0
github.com/axamon/sauron2/cmd/start.go:120.2,121.29 1 0
github.com/axamon/sauron2/cmd/start.go:242.3,242.30 1 0
github.com/axamon/sauron2/cmd/start.go:47.24,50.4 2 0
github.com/axamon/sauron2/cmd/start.go:53.58,55.4 1 0
github.com/axamon/sauron2/cmd/start.go:68.58,71.4 2 0
github.com/axamon/sauron2/cmd/start.go:83.26,86.4 2 0
github.com/axamon/sauron2/cmd/start.go:91.55,94.4 2 0
github.com/axamon/sauron2/cmd/start.go:112.17,117.4 3 0
github.com/axamon/sauron2/cmd/start.go:121.29,126.48 1 0
github.com/axamon/sauron2/cmd/start.go:130.4,130.11 1 0
github.com/axamon/sauron2/cmd/start.go:126.48,127.18 1 0
github.com/axamon/sauron2/cmd/start.go:133.96,138.19 3 0
github.com/axamon/sauron2/cmd/start.go:142.5,151.59 5 0
github.com/axamon/sauron2/cmd/start.go:158.5,158.15 1 0
github.com/axamon/sauron2/cmd/start.go:216.5,216.10 1 0
github.com/axamon/sauron2/cmd/start.go:218.90,223.19 3 0
github.com/axamon/sauron2/cmd/start.go:227.5,233.10 5 0
github.com/axamon/sauron2/cmd/start.go:235.12,238.10 1 0
github.com/axamon/sauron2/cmd/start.go:138.19,140.6 1 0
github.com/axamon/sauron2/cmd/start.go:151.59,153.19 2 0
github.com/axamon/sauron2/cmd/start.go:158.15,159.29 1 0
github.com/axamon/sauron2/cmd/start.go:159.29,163.21 3 0
github.com/axamon/sauron2/cmd/start.go:166.7,171.21 4 0
github.com/axamon/sauron2/cmd/start.go:176.7,176.32 1 0
github.com/axamon/sauron2/cmd/start.go:182.7,183.17 2 0
github.com/axamon/sauron2/cmd/start.go:163.21,165.8 1 0
github.com/axamon/sauron2/cmd/start.go:171.21,174.8 2 0
github.com/axamon/sauron2/cmd/start.go:176.32,179.8 2 0
github.com/axamon/sauron2/cmd/start.go:183.17,184.32 1 0
github.com/axamon/sauron2/cmd/start.go:206.8,207.14 2 0
github.com/axamon/sauron2/cmd/start.go:184.32,188.23 3 0
github.com/axamon/sauron2/cmd/start.go:191.9,194.23 4 0
github.com/axamon/sauron2/cmd/start.go:198.9,198.34 1 0
github.com/axamon/sauron2/cmd/start.go:202.9,202.85 1 0
github.com/axamon/sauron2/cmd/start.go:188.23,190.10 1 0
github.com/axamon/sauron2/cmd/start.go:194.23,196.10 1 0
github.com/axamon/sauron2/cmd/start.go:198.34,201.10 2 0
github.com/axamon/sauron2/cmd/start.go:223.19,225.6 1 0
github.com/axamon/sauron2/cmd/start.go:246.55,252.16 3 1
github.com/axamon/sauron2/cmd/start.go:277.2,277.11 1 1
github.com/axamon/sauron2/cmd/start.go:254.21,256.12 1 1
github.com/axamon/sauron2/cmd/start.go:258.19,260.12 1 1
github.com/axamon/sauron2/cmd/start.go:262.10,266.33 1 1
github.com/axamon/sauron2/cmd/start.go:272.3,272.21 1 1
github.com/axamon/sauron2/cmd/start.go:266.33,270.4 2 1
github.com/axamon/sauron2/cmd/start.go:272.21,274.4 1 1
github.com/axamon/sauron2/cmd/start.go:280.13,299.2 1 1
github.com/axamon/sauron2/cmd/test.go:36.47,39.59 2 0
github.com/axamon/sauron2/cmd/test.go:45.3,50.17 4 0
github.com/axamon/sauron2/cmd/test.go:57.3,57.54 1 0
github.com/axamon/sauron2/cmd/test.go:64.3,66.17 3 0
github.com/axamon/sauron2/cmd/test.go:72.3,73.29 2 0
github.com/axamon/sauron2/cmd/test.go:39.59,43.4 3 0
github.com/axamon/sauron2/cmd/test.go:50.17,55.4 4 0
github.com/axamon/sauron2/cmd/test.go:57.54,62.4 4 0
github.com/axamon/sauron2/cmd/test.go:66.17,70.4 3 0
github.com/axamon/sauron2/cmd/test.go:77.13,90.2 1 1
github.com/axamon/sauron2/reperibili/reperibili.go:57.75,61.16 3 1
github.com/axamon/sauron2/reperibili/reperibili.go:66.2,67.16 2 1
github.com/axamon/sauron2/reperibili/reperibili.go:70.2,76.6 4 1
github.com/axamon/sauron2/reperibili/reperibili.go:101.2,101.32 1 1
github.com/axamon/sauron2/reperibili/reperibili.go:113.2,113.18 1 1
github.com/axamon/sauron2/reperibili/reperibili.go:61.16,63.3 1 0
github.com/axamon/sauron2/reperibili/reperibili.go:67.16,69.3 1 0
github.com/axamon/sauron2/reperibili/reperibili.go:76.6,79.22 2 1
github.com/axamon/sauron2/reperibili/reperibili.go:88.3,98.5 1 1
github.com/axamon/sauron2/reperibili/reperibili.go:79.22,81.9 1 1
github.com/axamon/sauron2/reperibili/reperibili.go:84.9,84.26 1 1
github.com/axamon/sauron2/reperibili/reperibili.go:84.26,86.4 1 0
github.com/axamon/sauron2/reperibili/reperibili.go:101.32,103.37 2 0
github.com/axamon/sauron2/reperibili/reperibili.go:103.37,104.102 1 0
github.com/axamon/sauron2/reperibili/reperibili.go:104.102,105.68 1 0
github.com/axamon/sauron2/reperibili/reperibili.go:105.68,106.14 1 0
github.com/axamon/sauron2/reperibili/reperibili.go:107.11,109.6 1 0
github.com/axamon/sauron2/reperibili/reperibili.go:117.86,128.6 6 0
github.com/axamon/sauron2/reperibili/reperibili.go:155.2,155.16 1 0
github.com/axamon/sauron2/reperibili/reperibili.go:182.2,182.8 1 0
github.com/axamon/sauron2/reperibili/reperibili.go:128.6,131.22 2 0
github.com/axamon/sauron2/reperibili/reperibili.go:140.3,150.5 1 0
github.com/axamon/sauron2/reperibili/reperibili.go:131.22,133.9 1 0
github.com/axamon/sauron2/reperibili/reperibili.go:136.9,136.26 1 0
github.com/axamon/sauron2/reperibili/reperibili.go:136.26,138.4 1 0
github.com/axamon/sauron2/reperibili/reperibili.go:156.20,157.37 1 0
github.com/axamon/sauron2/reperibili/reperibili.go:163.10,166.37 1 0
github.com/axamon/sauron2/reperibili/reperibili.go:157.37,158.91 1 0
github.com/axamon/sauron2/reperibili/reperibili.go:158.91,160.5 1 0
github.com/axamon/sauron2/reperibili/reperibili.go:166.37,167.25 1 0
github.com/axamon/sauron2/reperibili/reperibili.go:173.4,173.24 1 0
github.com/axamon/sauron2/reperibili/reperibili.go:167.25,169.92 1 0
github.com/axamon/sauron2/reperibili/reperibili.go:169.92,171.6 1 0
github.com/axamon/sauron2/reperibili/reperibili.go:173.24,174.92 1 0
github.com/axamon/sauron2/reperibili/reperibili.go:174.92,176.6 1 0
github.com/axamon/sauron2/reperibili/reperibili.go:185.69,186.67 1 0
github.com/axamon/sauron2/reperibili/reperibili.go:189.2,189.75 1 0
github.com/axamon/sauron2/reperibili/reperibili.go:186.67,188.3 1 0
github.com/axamon/sauron2/reperibili/reperibili.go:192.84,193.61 1 0
github.com/axamon/sauron2/reperibili/reperibili.go:197.2,197.75 1 0
github.com/axamon/sauron2/reperibili/reperibili.go:193.61,196.3 2 0
github.com/axamon/sauron2/reperibili/reperibili.go:271.73,306.53 17 0
github.com/axamon/sauron2/reperibili/reperibili.go:317.2,321.32 2 0
github.com/axamon/sauron2/reperibili/reperibili.go:325.2,325.8 1 0
github.com/axamon/sauron2/reperibili/reperibili.go:306.53,309.18 2 0
github.com/axamon/sauron2/reperibili/reperibili.go:312.3,313.17 2 0
github.com/axamon/sauron2/reperibili/reperibili.go:309.18,311.4 1 0
github.com/axamon/sauron2/reperibili/reperibili.go:313.17,315.4 1 0
github.com/axamon/sauron2/reperibili/reperibili.go:321.32,323.3 1 0
github.com/axamon/sauron2/cercasid/cercasid.go:13.69,14.67 1 1
github.com/axamon/sauron2/cercasid/cercasid.go:17.2,20.16 4 0
github.com/axamon/sauron2/cercasid/cercasid.go:14.67,16.3 1 1
github.com/axamon/sauron2/cercasid/cercasid.go:24.60,69.2 16 1
github.com/axamon/sauron2/devel/main.go:79.13,81.16 2 1
github.com/axamon/sauron2/devel/main.go:84.2,84.15 1 1
github.com/axamon/sauron2/devel/main.go:87.2,88.16 2 1
github.com/axamon/sauron2/devel/main.go:91.2,92.23 2 1
github.com/axamon/sauron2/devel/main.go:95.2,96.16 2 1
github.com/axamon/sauron2/devel/main.go:99.2,100.23 2 1
github.com/axamon/sauron2/devel/main.go:81.16,82.13 1 0
github.com/axamon/sauron2/devel/main.go:84.15,85.18 1 0
github.com/axamon/sauron2/devel/main.go:88.16,90.3 1 0
github.com/axamon/sauron2/devel/main.go:92.23,94.3 1 0
github.com/axamon/sauron2/devel/main.go:96.16,98.3 1 0
github.com/axamon/sauron2/devel/main.go:100.23,102.3 1 0
github.com/axamon/sauron2/devel/main.go:119.56,121.16 2 1
github.com/axamon/sauron2/devel/main.go:125.2,125.16 1 1
github.com/axamon/sauron2/devel/main.go:121.16,124.3 1 0
github.com/axamon/sauron2/devel/main.go:128.13,130.16 2 0
github.com/axamon/sauron2/devel/main.go:133.2,133.35 1 0
github.com/axamon/sauron2/devel/main.go:130.16,132.3 1 0
github.com/axamon/sauron2/devel/main.go:137.67,138.56 1 1
github.com/axamon/sauron2/devel/main.go:141.2,144.16 4 1
github.com/axamon/sauron2/devel/main.go:149.2,151.16 3 1
github.com/axamon/sauron2/devel/main.go:155.2,155.9 1 1
github.com/axamon/sauron2/devel/main.go:138.56,140.3 1 1
github.com/axamon/sauron2/devel/main.go:144.16,147.3 1 0
github.com/axamon/sauron2/devel/main.go:151.16,153.3 1 0
github.com/axamon/sauron2/devel/main.go:156.26,158.17 2 1
github.com/axamon/sauron2/devel/main.go:162.3,163.23 2 1
github.com/axamon/sauron2/devel/main.go:166.3,166.19 1 1
github.com/axamon/sauron2/devel/main.go:168.10,169.62 1 1
github.com/axamon/sauron2/devel/main.go:158.17,161.4 1 0
github.com/axamon/sauron2/devel/main.go:163.23,165.4 1 0
github.com/axamon/sauron2/devel/main.go:175.58,179.16 4 1
github.com/axamon/sauron2/devel/main.go:183.2,184.16 2 1
github.com/axamon/sauron2/devel/main.go:187.2,189.16 3 1
github.com/axamon/sauron2/devel/main.go:192.2,192.9 1 1
github.com/axamon/sauron2/devel/main.go:208.2,209.16 2 1
github.com/axamon/sauron2/devel/main.go:213.2,214.16 2 1
github.com/axamon/sauron2/devel/main.go:217.2,217.18 1 1
github.com/axamon/sauron2/devel/main.go:179.16,182.3 1 1
github.com/axamon/sauron2/devel/main.go:184.16,186.3 1 0
github.com/axamon/sauron2/devel/main.go:189.16,191.3 1 0
github.com/axamon/sauron2/devel/main.go:193.18,194.17 1 0
github.com/axamon/sauron2/devel/main.go:195.10,197.17 2 1
github.com/axamon/sauron2/devel/main.go:201.3,202.17 2 1
github.com/axamon/sauron2/devel/main.go:205.3,205.17 1 1
github.com/axamon/sauron2/devel/main.go:197.17,200.4 1 0
github.com/axamon/sauron2/devel/main.go:202.17,204.4 1 0
github.com/axamon/sauron2/devel/main.go:209.16,212.3 1 0
github.com/axamon/sauron2/devel/main.go:214.16,216.3 1 0
github.com/axamon/sauron2/devel/main.go:222.69,231.9 6 1
github.com/axamon/sauron2/devel/main.go:238.2,238.8 1 1
github.com/axamon/sauron2/devel/main.go:232.24,233.12 1 1
github.com/axamon/sauron2/devel/main.go:234.10,235.13 1 1
github.com/axamon/sauron2/devel/main.go:242.63,251.9 6 1
github.com/axamon/sauron2/devel/main.go:258.2,258.8 1 1
github.com/axamon/sauron2/devel/main.go:252.28,253.12 1 1
github.com/axamon/sauron2/devel/main.go:254.10,255.13 1 1
github.com/axamon/sauron2/devel/main.go:263.57,272.9 6 1
github.com/axamon/sauron2/devel/main.go:279.2,279.8 1 1
github.com/axamon/sauron2/devel/main.go:273.14,274.12 1 1
github.com/axamon/sauron2/devel/main.go:275.10,276.13 1 1
github.com/axamon/sauron2/devel/main.go:283.45,294.9 8 1
github.com/axamon/sauron2/devel/main.go:301.2,301.8 1 1
github.com/axamon/sauron2/devel/main.go:295.19,296.12 1 1
github.com/axamon/sauron2/devel/main.go:298.10,299.13 1 0
github.com/axamon/sauron2/sms/sms.go:14.13,16.2 1 1
github.com/axamon/sauron2/sms/sms.go:19.52,24.2 2 1
github.com/axamon/sauron2/sms/sms.go:28.69,29.67 1 1
github.com/axamon/sauron2/sms/sms.go:32.2,35.16 4 1
github.com/axamon/sauron2/sms/sms.go:29.67,31.3 1 1
github.com/axamon/sauron2/sms/sms.go:39.59,79.16 16 1
github.com/axamon/sauron2/sms/sms.go:86.2,94.8 3 1
github.com/axamon/sauron2/sms/sms.go:79.16,84.3 3 0
