mode: set
github.com/axamon/sauron2/cercasid/cercasid.go:13.69,14.67 1 1
github.com/axamon/sauron2/cercasid/cercasid.go:17.2,17.75 1 0
github.com/axamon/sauron2/cercasid/cercasid.go:14.67,16.3 1 1
github.com/axamon/sauron2/cercasid/cercasid.go:21.60,31.16 2 1
github.com/axamon/sauron2/cercasid/cercasid.go:37.2,38.16 2 1
github.com/axamon/sauron2/cercasid/cercasid.go:43.2,46.16 3 1
github.com/axamon/sauron2/cercasid/cercasid.go:53.2,58.16 5 1
github.com/axamon/sauron2/cercasid/cercasid.go:65.2,67.16 3 1
github.com/axamon/sauron2/cercasid/cercasid.go:78.2,84.16 4 1
github.com/axamon/sauron2/cercasid/cercasid.go:92.2,93.22 2 1
github.com/axamon/sauron2/cercasid/cercasid.go:31.16,34.3 2 0
github.com/axamon/sauron2/cercasid/cercasid.go:38.16,41.3 2 0
github.com/axamon/sauron2/cercasid/cercasid.go:46.16,51.3 4 0
github.com/axamon/sauron2/cercasid/cercasid.go:58.16,63.3 4 0
github.com/axamon/sauron2/cercasid/cercasid.go:67.16,72.3 4 0
github.com/axamon/sauron2/cercasid/cercasid.go:84.16,89.3 4 0
github.com/axamon/sauron2/reperibili/reperibili.go:57.75,61.16 3 1
github.com/axamon/sauron2/reperibili/reperibili.go:66.2,67.16 2 1
github.com/axamon/sauron2/reperibili/reperibili.go:70.2,76.6 4 1
github.com/axamon/sauron2/reperibili/reperibili.go:101.2,101.32 1 1
github.com/axamon/sauron2/reperibili/reperibili.go:113.2,113.18 1 1
github.com/axamon/sauron2/reperibili/reperibili.go:61.16,63.3 1 0
github.com/axamon/sauron2/reperibili/reperibili.go:67.16,69.3 1 0
github.com/axamon/sauron2/reperibili/reperibili.go:76.6,79.22 2 1
github.com/axamon/sauron2/reperibili/reperibili.go:88.3,98.5 1 1
github.com/axamon/sauron2/reperibili/reperibili.go:79.22,81.9 1 1
github.com/axamon/sauron2/reperibili/reperibili.go:84.9,84.26 1 1
github.com/axamon/sauron2/reperibili/reperibili.go:84.26,86.4 1 0
github.com/axamon/sauron2/reperibili/reperibili.go:101.32,103.37 2 0
github.com/axamon/sauron2/reperibili/reperibili.go:103.37,104.102 1 0
github.com/axamon/sauron2/reperibili/reperibili.go:104.102,105.68 1 0
github.com/axamon/sauron2/reperibili/reperibili.go:105.68,106.14 1 0
github.com/axamon/sauron2/reperibili/reperibili.go:107.11,109.6 1 0
github.com/axamon/sauron2/reperibili/reperibili.go:117.86,121.16 3 0
github.com/axamon/sauron2/reperibili/reperibili.go:124.2,130.6 4 0
github.com/axamon/sauron2/reperibili/reperibili.go:157.2,157.16 1 0
github.com/axamon/sauron2/reperibili/reperibili.go:184.2,184.64 1 0
github.com/axamon/sauron2/reperibili/reperibili.go:121.16,123.3 1 0
github.com/axamon/sauron2/reperibili/reperibili.go:130.6,133.22 2 0
github.com/axamon/sauron2/reperibili/reperibili.go:142.3,152.5 1 0
github.com/axamon/sauron2/reperibili/reperibili.go:133.22,135.9 1 0
github.com/axamon/sauron2/reperibili/reperibili.go:138.9,138.26 1 0
github.com/axamon/sauron2/reperibili/reperibili.go:138.26,140.4 1 0
github.com/axamon/sauron2/reperibili/reperibili.go:158.20,159.37 1 0
github.com/axamon/sauron2/reperibili/reperibili.go:165.10,168.37 1 0
github.com/axamon/sauron2/reperibili/reperibili.go:159.37,160.91 1 0
github.com/axamon/sauron2/reperibili/reperibili.go:160.91,162.5 1 0
github.com/axamon/sauron2/reperibili/reperibili.go:168.37,169.25 1 0
github.com/axamon/sauron2/reperibili/reperibili.go:175.4,175.24 1 0
github.com/axamon/sauron2/reperibili/reperibili.go:169.25,171.92 1 0
github.com/axamon/sauron2/reperibili/reperibili.go:171.92,173.6 1 0
github.com/axamon/sauron2/reperibili/reperibili.go:175.24,176.92 1 0
github.com/axamon/sauron2/reperibili/reperibili.go:176.92,178.6 1 0
github.com/axamon/sauron2/reperibili/reperibili.go:196.98,199.16 2 0
github.com/axamon/sauron2/reperibili/reperibili.go:202.2,203.25 2 0
github.com/axamon/sauron2/reperibili/reperibili.go:211.2,214.16 3 0
github.com/axamon/sauron2/reperibili/reperibili.go:217.2,222.16 4 0
github.com/axamon/sauron2/reperibili/reperibili.go:226.2,227.13 2 0
github.com/axamon/sauron2/reperibili/reperibili.go:199.16,201.3 1 0
github.com/axamon/sauron2/reperibili/reperibili.go:203.25,205.3 1 0
github.com/axamon/sauron2/reperibili/reperibili.go:214.16,216.3 1 0
github.com/axamon/sauron2/reperibili/reperibili.go:222.16,225.3 2 0
github.com/axamon/sauron2/reperibili/reperibili.go:230.69,231.67 1 0
github.com/axamon/sauron2/reperibili/reperibili.go:234.2,234.75 1 0
github.com/axamon/sauron2/reperibili/reperibili.go:231.67,233.3 1 0
github.com/axamon/sauron2/reperibili/reperibili.go:237.84,238.61 1 0
github.com/axamon/sauron2/reperibili/reperibili.go:242.2,242.75 1 0
github.com/axamon/sauron2/reperibili/reperibili.go:238.61,241.3 2 0
github.com/axamon/sauron2/reperibili/reperibili.go:247.74,250.16 2 0
github.com/axamon/sauron2/reperibili/reperibili.go:256.2,257.16 2 0
github.com/axamon/sauron2/reperibili/reperibili.go:262.2,263.16 2 0
github.com/axamon/sauron2/reperibili/reperibili.go:267.2,278.16 9 0
github.com/axamon/sauron2/reperibili/reperibili.go:281.2,286.16 5 0
github.com/axamon/sauron2/reperibili/reperibili.go:289.2,292.53 3 0
github.com/axamon/sauron2/reperibili/reperibili.go:306.2,306.32 1 0
github.com/axamon/sauron2/reperibili/reperibili.go:311.2,311.76 1 0
github.com/axamon/sauron2/reperibili/reperibili.go:250.16,252.3 1 0
github.com/axamon/sauron2/reperibili/reperibili.go:257.16,259.3 1 0
github.com/axamon/sauron2/reperibili/reperibili.go:263.16,265.3 1 0
github.com/axamon/sauron2/reperibili/reperibili.go:278.16,280.3 1 0
github.com/axamon/sauron2/reperibili/reperibili.go:286.16,288.3 1 0
github.com/axamon/sauron2/reperibili/reperibili.go:292.53,295.18 2 0
github.com/axamon/sauron2/reperibili/reperibili.go:298.3,299.17 2 0
github.com/axamon/sauron2/reperibili/reperibili.go:295.18,297.4 1 0
github.com/axamon/sauron2/reperibili/reperibili.go:299.17,301.4 1 0
github.com/axamon/sauron2/reperibili/reperibili.go:306.32,309.3 2 0
github.com/axamon/sauron2/reperibili/reperibili.go:316.73,319.16 2 0
github.com/axamon/sauron2/reperibili/reperibili.go:324.2,325.16 2 0
github.com/axamon/sauron2/reperibili/reperibili.go:330.2,331.16 2 0
github.com/axamon/sauron2/reperibili/reperibili.go:336.2,351.16 9 0
github.com/axamon/sauron2/reperibili/reperibili.go:354.2,359.16 5 0
github.com/axamon/sauron2/reperibili/reperibili.go:362.2,365.53 3 0
github.com/axamon/sauron2/reperibili/reperibili.go:379.2,379.32 1 0
github.com/axamon/sauron2/reperibili/reperibili.go:385.2,385.76 1 0
github.com/axamon/sauron2/reperibili/reperibili.go:319.16,321.3 1 0
github.com/axamon/sauron2/reperibili/reperibili.go:325.16,327.3 1 0
github.com/axamon/sauron2/reperibili/reperibili.go:331.16,333.3 1 0
github.com/axamon/sauron2/reperibili/reperibili.go:351.16,353.3 1 0
github.com/axamon/sauron2/reperibili/reperibili.go:359.16,361.3 1 0
github.com/axamon/sauron2/reperibili/reperibili.go:365.53,368.18 2 0
github.com/axamon/sauron2/reperibili/reperibili.go:371.3,372.17 2 0
github.com/axamon/sauron2/reperibili/reperibili.go:368.18,370.4 1 0
github.com/axamon/sauron2/reperibili/reperibili.go:372.17,374.4 1 0
github.com/axamon/sauron2/reperibili/reperibili.go:379.32,382.3 2 0
github.com/axamon/sauron2/cmd/start.go:43.47,47.24 2 0
github.com/axamon/sauron2/cmd/start.go:51.3,53.58 2 0
github.com/axamon/sauron2/cmd/start.go:58.3,68.58 5 0
github.com/axamon/sauron2/cmd/start.go:77.3,83.26 4 0
github.com/axamon/sauron2/cmd/start.go:88.3,91.55 2 0
github.com/axamon/sauron2/cmd/start.go:97.3,112.17 5 0
github.com/axamon/sauron2/cmd/start.go:120.2,121.29 1 0
github.com/axamon/sauron2/cmd/start.go:242.3,242.30 1 0
github.com/axamon/sauron2/cmd/start.go:47.24,50.4 2 0
github.com/axamon/sauron2/cmd/start.go:53.58,55.4 1 0
github.com/axamon/sauron2/cmd/start.go:68.58,71.4 2 0
github.com/axamon/sauron2/cmd/start.go:83.26,86.4 2 0
github.com/axamon/sauron2/cmd/start.go:91.55,94.4 2 0
github.com/axamon/sauron2/cmd/start.go:112.17,117.4 3 0
github.com/axamon/sauron2/cmd/start.go:121.29,126.48 1 0
github.com/axamon/sauron2/cmd/start.go:130.4,130.11 1 0
github.com/axamon/sauron2/cmd/start.go:126.48,127.18 1 0
github.com/axamon/sauron2/cmd/start.go:133.96,138.19 3 0
github.com/axamon/sauron2/cmd/start.go:142.5,151.59 5 0
github.com/axamon/sauron2/cmd/start.go:158.5,158.15 1 0
github.com/axamon/sauron2/cmd/start.go:216.5,216.10 1 0
github.com/axamon/sauron2/cmd/start.go:218.90,223.19 3 0
github.com/axamon/sauron2/cmd/start.go:227.5,233.10 5 0
github.com/axamon/sauron2/cmd/start.go:235.12,238.10 1 0
github.com/axamon/sauron2/cmd/start.go:138.19,140.6 1 0
github.com/axamon/sauron2/cmd/start.go:151.59,153.19 2 0
github.com/axamon/sauron2/cmd/start.go:158.15,159.29 1 0
github.com/axamon/sauron2/cmd/start.go:159.29,163.21 3 0
github.com/axamon/sauron2/cmd/start.go:166.7,171.21 4 0
github.com/axamon/sauron2/cmd/start.go:176.7,176.32 1 0
github.com/axamon/sauron2/cmd/start.go:182.7,183.17 2 0
github.com/axamon/sauron2/cmd/start.go:163.21,165.8 1 0
github.com/axamon/sauron2/cmd/start.go:171.21,174.8 2 0
github.com/axamon/sauron2/cmd/start.go:176.32,179.8 2 0
github.com/axamon/sauron2/cmd/start.go:183.17,184.32 1 0
github.com/axamon/sauron2/cmd/start.go:206.8,207.14 2 0
github.com/axamon/sauron2/cmd/start.go:184.32,188.23 3 0
github.com/axamon/sauron2/cmd/start.go:191.9,194.23 4 0
github.com/axamon/sauron2/cmd/start.go:198.9,198.34 1 0
github.com/axamon/sauron2/cmd/start.go:202.9,202.85 1 0
github.com/axamon/sauron2/cmd/start.go:188.23,190.10 1 0
github.com/axamon/sauron2/cmd/start.go:194.23,196.10 1 0
github.com/axamon/sauron2/cmd/start.go:198.34,201.10 2 0
github.com/axamon/sauron2/cmd/start.go:223.19,225.6 1 0
github.com/axamon/sauron2/cmd/start.go:246.55,252.16 3 1
github.com/axamon/sauron2/cmd/start.go:277.2,277.11 1 1
github.com/axamon/sauron2/cmd/start.go:254.21,256.12 1 1
github.com/axamon/sauron2/cmd/start.go:258.19,260.12 1 1
github.com/axamon/sauron2/cmd/start.go:262.10,266.33 1 1
github.com/axamon/sauron2/cmd/start.go:272.3,272.21 1 1
github.com/axamon/sauron2/cmd/start.go:266.33,270.4 2 1
github.com/axamon/sauron2/cmd/start.go:272.21,274.4 1 1
github.com/axamon/sauron2/cmd/start.go:280.13,299.2 1 1
github.com/axamon/sauron2/cmd/test.go:36.47,39.59 2 0
github.com/axamon/sauron2/cmd/test.go:45.3,50.17 4 0
github.com/axamon/sauron2/cmd/test.go:57.3,57.54 1 0
github.com/axamon/sauron2/cmd/test.go:64.3,66.17 3 0
github.com/axamon/sauron2/cmd/test.go:72.3,73.29 2 0
github.com/axamon/sauron2/cmd/test.go:39.59,43.4 3 0
github.com/axamon/sauron2/cmd/test.go:50.17,55.4 4 0
github.com/axamon/sauron2/cmd/test.go:57.54,62.4 4 0
github.com/axamon/sauron2/cmd/test.go:66.17,70.4 3 0
github.com/axamon/sauron2/cmd/test.go:77.13,90.2 1 1
github.com/axamon/sauron2/cmd/root.go:27.13,29.2 1 1
github.com/axamon/sauron2/cmd/root.go:51.16,52.42 1 0
github.com/axamon/sauron2/cmd/root.go:52.42,55.3 2 0
github.com/axamon/sauron2/cmd/root.go:58.13,69.2 3 1
github.com/axamon/sauron2/cmd/root.go:72.19,73.19 1 0
github.com/axamon/sauron2/cmd/root.go:89.2,92.45 2 0
github.com/axamon/sauron2/cmd/root.go:73.19,76.3 1 0
github.com/axamon/sauron2/cmd/root.go:76.8,79.17 2 0
github.com/axamon/sauron2/cmd/root.go:85.3,86.34 2 0
github.com/axamon/sauron2/cmd/root.go:79.17,82.4 2 0
github.com/axamon/sauron2/cmd/root.go:92.45,94.3 1 0
github.com/axamon/sauron2/devel/main.go:73.13,75.16 2 1
github.com/axamon/sauron2/devel/main.go:78.2,78.15 1 1
github.com/axamon/sauron2/devel/main.go:81.2,82.16 2 1
github.com/axamon/sauron2/devel/main.go:85.2,86.23 2 1
github.com/axamon/sauron2/devel/main.go:89.2,90.16 2 1
github.com/axamon/sauron2/devel/main.go:93.2,94.23 2 1
github.com/axamon/sauron2/devel/main.go:75.16,76.13 1 0
github.com/axamon/sauron2/devel/main.go:78.15,79.18 1 0
github.com/axamon/sauron2/devel/main.go:82.16,84.3 1 0
github.com/axamon/sauron2/devel/main.go:86.23,88.3 1 0
github.com/axamon/sauron2/devel/main.go:90.16,92.3 1 0
github.com/axamon/sauron2/devel/main.go:94.23,96.3 1 0
github.com/axamon/sauron2/devel/main.go:113.56,115.16 2 1
github.com/axamon/sauron2/devel/main.go:119.2,119.16 1 1
github.com/axamon/sauron2/devel/main.go:115.16,118.3 1 0
github.com/axamon/sauron2/devel/main.go:122.13,124.16 2 0
github.com/axamon/sauron2/devel/main.go:127.2,127.35 1 0
github.com/axamon/sauron2/devel/main.go:124.16,126.3 1 0
github.com/axamon/sauron2/devel/main.go:131.67,132.56 1 1
github.com/axamon/sauron2/devel/main.go:135.2,138.16 4 1
github.com/axamon/sauron2/devel/main.go:143.2,145.16 3 1
github.com/axamon/sauron2/devel/main.go:149.2,149.9 1 1
github.com/axamon/sauron2/devel/main.go:132.56,134.3 1 1
github.com/axamon/sauron2/devel/main.go:138.16,141.3 1 0
github.com/axamon/sauron2/devel/main.go:145.16,147.3 1 0
github.com/axamon/sauron2/devel/main.go:150.26,152.17 2 1
github.com/axamon/sauron2/devel/main.go:156.3,157.23 2 1
github.com/axamon/sauron2/devel/main.go:160.3,160.19 1 1
github.com/axamon/sauron2/devel/main.go:162.10,163.62 1 1
github.com/axamon/sauron2/devel/main.go:152.17,155.4 1 0
github.com/axamon/sauron2/devel/main.go:157.23,159.4 1 0
github.com/axamon/sauron2/devel/main.go:169.58,173.16 4 1
github.com/axamon/sauron2/devel/main.go:177.2,178.16 2 1
github.com/axamon/sauron2/devel/main.go:181.2,183.16 3 1
github.com/axamon/sauron2/devel/main.go:186.2,186.9 1 1
github.com/axamon/sauron2/devel/main.go:202.2,203.16 2 1
github.com/axamon/sauron2/devel/main.go:207.2,208.16 2 1
github.com/axamon/sauron2/devel/main.go:211.2,211.18 1 1
github.com/axamon/sauron2/devel/main.go:173.16,176.3 1 1
github.com/axamon/sauron2/devel/main.go:178.16,180.3 1 0
github.com/axamon/sauron2/devel/main.go:183.16,185.3 1 0
github.com/axamon/sauron2/devel/main.go:187.18,188.17 1 0
github.com/axamon/sauron2/devel/main.go:189.10,191.17 2 1
github.com/axamon/sauron2/devel/main.go:195.3,196.17 2 1
github.com/axamon/sauron2/devel/main.go:199.3,199.17 1 1
github.com/axamon/sauron2/devel/main.go:191.17,194.4 1 0
github.com/axamon/sauron2/devel/main.go:196.17,198.4 1 0
github.com/axamon/sauron2/devel/main.go:203.16,206.3 1 0
github.com/axamon/sauron2/devel/main.go:208.16,210.3 1 0
github.com/axamon/sauron2/devel/main.go:216.69,220.16 4 1
github.com/axamon/sauron2/devel/main.go:223.2,225.16 3 1
github.com/axamon/sauron2/devel/main.go:228.2,228.32 1 1
github.com/axamon/sauron2/devel/main.go:220.16,222.3 1 0
github.com/axamon/sauron2/devel/main.go:225.16,227.3 1 1
github.com/axamon/sauron2/devel/main.go:232.63,236.16 4 1
github.com/axamon/sauron2/devel/main.go:240.2,242.16 3 1
github.com/axamon/sauron2/devel/main.go:247.2,247.24 1 1
github.com/axamon/sauron2/devel/main.go:236.16,239.3 1 0
github.com/axamon/sauron2/devel/main.go:242.16,245.3 1 1
github.com/axamon/sauron2/devel/main.go:252.57,256.16 4 1
github.com/axamon/sauron2/devel/main.go:260.2,262.16 3 1
github.com/axamon/sauron2/devel/main.go:267.2,267.22 1 1
github.com/axamon/sauron2/devel/main.go:256.16,259.3 1 0
github.com/axamon/sauron2/devel/main.go:262.16,265.3 1 1
github.com/axamon/sauron2/devel/main.go:272.45,276.16 4 1
github.com/axamon/sauron2/devel/main.go:280.2,281.16 2 1
github.com/axamon/sauron2/devel/main.go:285.2,286.19 2 1
github.com/axamon/sauron2/devel/main.go:289.2,290.19 2 1
github.com/axamon/sauron2/devel/main.go:293.2,293.18 1 1
github.com/axamon/sauron2/devel/main.go:276.16,279.3 1 0
github.com/axamon/sauron2/devel/main.go:281.16,284.3 1 0
github.com/axamon/sauron2/devel/main.go:286.19,288.3 1 0
github.com/axamon/sauron2/devel/main.go:290.19,292.3 1 0
github.com/axamon/sauron2/sms/sms.go:14.13,16.2 1 1
github.com/axamon/sauron2/sms/sms.go:19.52,24.2 2 1
github.com/axamon/sauron2/sms/sms.go:28.69,29.67 1 1
github.com/axamon/sauron2/sms/sms.go:32.2,35.16 4 1
github.com/axamon/sauron2/sms/sms.go:29.67,31.3 1 1
github.com/axamon/sauron2/sms/sms.go:39.59,79.16 16 1
github.com/axamon/sauron2/sms/sms.go:86.2,92.8 2 1
github.com/axamon/sauron2/sms/sms.go:79.16,84.3 3 0
